<?xml version="1.0" encoding="UTF-8"?>
<testsuite xmlns:xsi="http://www.w3.org/2001/XMLSchema-instance" xsi:noNamespaceSchemaLocation="https://maven.apache.org/surefire/maven-surefire-plugin/xsd/surefire-test-report-3.0.xsd" version="3.0" name="com.fag.trabalhoFinal.TrabalhoFinalApplicationTests" time="3.148" tests="1" errors="0" skipped="0" failures="0">
  <properties>
[...]
</properties>
  <testcase name="contextLoads" classname="com.fag.trabalhoFinal.TrabalhoFinalApplicationTests" time="1.003">
    <system-out><![CDATA[16:20:49.968 [main] INFO org.springframework.test.context.support.AnnotationConfigContextLoaderUtils -- Could not detect default configuration classes for test class [com.fag.trabalhoFinal.TrabalhoFinalApplicationTests]: TrabalhoFinalApplicationTests does not declare any static, non-private, non-final, nested classes annotated with @Configuration.
16:20:50.124 [main] INFO org.springframework.boot.test.context.SpringBootTestContextBootstrapper -- Found @SpringBootConfiguration com.fag.trabalhoFinal.TrabalhoFinalApplication for test class com.fag.trabalhoFinal.TrabalhoFinalApplicationTests

  .   ____          _            __ _ _
 /\\ / ___'_ __ _ _(_)_ __  __ _ \ \ \ \
( ( )\___ | '_ | '_| | '_ \/ _` | \ \ \ \
 \\/  ___)| |_)| | | | | || (_| |  ) ) ) )
  '  |____| .__|_| |_|_| |_\__, | / / / /
 =========|_|==============|___/=/_/_/_/
 :: Spring Boot ::                (v3.1.5)

2023-11-13T16:20:50.580-03:00  INFO 7092 --- [           main] c.f.t.TrabalhoFinalApplicationTests      : Starting TrabalhoFinalApplicationTests using Java 20.0.2 with PID 7092 (started by Rian2 in C:\Users\Rian2\OneDrive\Área de Trabalho\trabalhoFinal)
2023-11-13T16:20:50.581-03:00  INFO 7092 --- [           main] c.f.t.TrabalhoFinalApplicationTests      : No active profile set, falling back to 1 default profile: "default"
2023-11-13T16:20:51.888-03:00  INFO 7092 --- [           main] c.f.t.TrabalhoFinalApplicationTests      : Started TrabalhoFinalApplicationTests in 1.585 seconds (process running for 2.742)
]]></system-out>
  </testcase>
</testsuite>